Using pre-set license
Built from '2020.2/staging' branch; Version is '2020.2.3f1 (8ff31bc5bf5b) revision 9433883'; Using compiler version '192528614'; Build Type 'Release'
OS: 'Windows 10 Home Single Language; OS build 19042.867; Version 2009; 64bit' Language: 'en' Physical Memory: 8077 MB
BatchMode: 1, IsHumanControllingUs: 0, StartBugReporterOnCrash: 0, Is64bit: 1, IsPro: 0

 COMMAND LINE ARGUMENTS:
E:\Program Files\Unity\Hub\Editor\2020.2.3f1\Editor\Unity.exe
-adb2
-batchMode
-noUpm
-name
AssetImportWorker0
-projectPath
F:/Winter Sem 2020-21 Notes/C1. GP/Project/Source Code 2/gp_project_repo
-logFile
Logs/AssetImportWorker0.log
-srvPort
8498
Successfully changed project path to: F:/Winter Sem 2020-21 Notes/C1. GP/Project/Source Code 2/gp_project_repo
F:/Winter Sem 2020-21 Notes/C1. GP/Project/Source Code 2/gp_project_repo
Using Asset Import Pipeline V2.
Refreshing native plugins compatible for Editor in 267.43 ms, found 1 plugins.
Preloading 0 native plugins for Editor in 0.00 ms.
Initialize engine version: 2020.2.3f1 (8ff31bc5bf5b)
[Subsystems] Discovering subsystems at path E:/Program Files/Unity/Hub/Editor/2020.2.3f1/Editor/Data/Resources/UnitySubsystems
[Subsystems] Discovering subsystems at path F:/Winter Sem 2020-21 Notes/C1. GP/Project/Source Code 2/gp_project_repo/Assets
GfxDevice: creating device client; threaded=0
Direct3D:
    Version:  Direct3D 11.0 [level 11.1]
    Renderer: NVIDIA GeForce GTX 1050 (ID=0x1c8d)
    Vendor:   
    VRAM:     1977 MB
    Driver:   26.21.14.4166
Initialize mono
Mono path[0] = 'E:/Program Files/Unity/Hub/Editor/2020.2.3f1/Editor/Data/Managed'
Mono path[1] = 'E:/Program Files/Unity/Hub/Editor/2020.2.3f1/Editor/Data/MonoBleedingEdge/lib/mono/unityjit'
Mono config path = 'E:/Program Files/Unity/Hub/Editor/2020.2.3f1/Editor/Data/MonoBleedingEdge/etc'
Using monoOptions --debugger-agent=transport=dt_socket,embedding=1,server=y,suspend=n,address=127.0.0.1:56620
Begin MonoManager ReloadAssembly
Registering precompiled unity dll's ...
Register platform support module: E:/Program Files/Unity/Hub/Editor/2020.2.3f1/Editor/Data/PlaybackEngines/WindowsStandaloneSupport/UnityEditor.WindowsStandalone.Extensions.dll
Registered in 0.006559 seconds.
Native extension for WindowsStandalone target not found
Refreshing native plugins compatible for Editor in 190.80 ms, found 1 plugins.
Preloading 0 native plugins for Editor in 0.00 ms.
Invoked RoslynAnalysisRunner static constructor.
RoslynAnalysisRunner will not be running.
RoslynAnalysisRunner has terminated.
Mono: successfully reloaded assembly
- Completed reload, in  4.015 seconds
Platform modules already initialized, skipping
Registering precompiled user dll's ...
Registered in 0.002417 seconds.
Begin MonoManager ReloadAssembly
Native extension for WindowsStandalone target not found
Refreshing native plugins compatible for Editor in 209.12 ms, found 1 plugins.
Preloading 0 native plugins for Editor in 0.00 ms.
Invoked RoslynAnalysisRunner static constructor.
RoslynAnalysisRunner will not be running.
RoslynAnalysisRunner has terminated.
Mono: successfully reloaded assembly
- Completed reload, in  3.617 seconds
Platform modules already initialized, skipping
========================================================================
Worker process is ready to serve import requests
Launched and connected shader compiler UnityShaderCompiler.exe after 0.41 seconds
Refreshing native plugins compatible for Editor in 0.52 ms, found 1 plugins.
Preloading 0 native plugins for Editor in 0.00 ms.
Unloading 1794 Unused Serialized files (Serialized files now loaded: 0)
System memory in use before: 84.3 MB.
System memory in use after: 84.4 MB.

Unloading 19 unused Assets to reduce memory usage. Loaded Objects now: 2241.
Total: 7.747500 ms (FindLiveObjects: 2.925200 ms CreateObjectMapping: 1.192600 ms MarkObjects: 3.129000 ms  DeleteObjects: 0.496700 ms)

========================================================================
Received Import Request.
  path: Assets/Scripts/PlayerController.cs
  artifactKey: Guid(10d75702318a4a84b86a0d4c36941ef9) Importer(815301076,1909f56bfc062723c751e8b465ee728b)
Start importing Assets/Scripts/PlayerController.cs using Guid(10d75702318a4a84b86a0d4c36941ef9) Importer(815301076,1909f56bfc062723c751e8b465ee728b)  -> (artifact id: 'c5ec1f03580c3d4522ac03bbb23d3000') in 0.168176 seconds
  Import took 0.264413 seconds .

========================================================================
Received Prepare
Registering precompiled user dll's ...
Registered in 0.001105 seconds.
Begin MonoManager ReloadAssembly
Native extension for WindowsStandalone target not found
Refreshing native plugins compatible for Editor in 0.52 ms, found 1 plugins.
Preloading 0 native plugins for Editor in 0.00 ms.
Invoked RoslynAnalysisRunner static constructor.
RoslynAnalysisRunner will not be running.
RoslynAnalysisRunner has terminated.
Mono: successfully reloaded assembly
- Completed reload, in  2.696 seconds
Platform modules already initialized, skipping
Refreshing native plugins compatible for Editor in 0.67 ms, found 1 plugins.
Preloading 0 native plugins for Editor in 0.00 ms.
Unloading 1784 Unused Serialized files (Serialized files now loaded: 0)
System memory in use before: 83.9 MB.
System memory in use after: 84.0 MB.

Unloading 7 unused Assets to reduce memory usage. Loaded Objects now: 2244.
Total: 3.580200 ms (FindLiveObjects: 0.690800 ms CreateObjectMapping: 0.168400 ms MarkObjects: 2.689300 ms  DeleteObjects: 0.029700 ms)

========================================================================
Received Import Request.
  Time since last request: 398.892464 seconds.
  path: Assets/Scripts/PlayerController.cs
  artifactKey: Guid(10d75702318a4a84b86a0d4c36941ef9) Importer(815301076,1909f56bfc062723c751e8b465ee728b)
Start importing Assets/Scripts/PlayerController.cs using Guid(10d75702318a4a84b86a0d4c36941ef9) Importer(815301076,1909f56bfc062723c751e8b465ee728b)  -> (artifact id: 'b320ef453b7d01f737062368c111608a') in 0.009226 seconds
  Import took 0.054506 seconds .

AssetImportWorkerClient::OnTransportError - code=2 error=End of file
